bible.txt 39968
longest palindromes with 7 chars: ['לאיתיאל', 'ניחוחין']
longest proper anadromes with 6 chars: ['החונים', 'היליכי', 'הנשארה', 'הראשנה', 'התיחשו', 'ואיביו', 'ואלמיו', 'ואנשיו', 'ובכרמל', 'וחמשיו', 'ויביאו', 'וימלאו', 'ויערכו', 'וישלשו', 'וישמחו', 'וישנאו', 'וישרפו', 'ויתחפש', 'ויתפשו', 'וכרעיו', 'וערפתו', 'ופרשיו', 'ושחיתה', 'ושלשיו', 'ושפתיו', 'ותפרעו', 'ותרומת', 'יכיליה', 'למרכבו', 'מינוחה', 'שפחתיו', 'תמורתו']
longest palidromic bigram with 14 chars: ['לאיתיאל לאיתיאל', 'ניחוחין ניחוחין']
palin=127 anad=2918 both=3045 bigrams=20650 took=0.1 min

israeli_first_names.txt 116669
longest palindromes with 7 chars: ['וואקאוו', "ויצ'נציו"]
longest proper anadromes with 7 chars: ['איליזור', 'אנאוויר', 'ליזוורק', 'מייאסין', 'ניסאיים', 'סידאניע', 'עינאדיס', 'קרווזיל', 'רוזיליא', 'ריוואנא']
longest palidromic bigram with 15 chars: ['זינואידה דיאוניז', 'יובגניה להינגבוי', 'מייחו איליאוחיים', 'סויסאן אטאנאסיוס', 'סויסאן אתאנאסיוס']
palin=290 anad=11059 both=11349 bigrams=94884 took=0.6 min

cc100_intersect_with_fatverb.csv 210722
longest palindromes with 7 chars: ['הילוליה', 'היסוסיה', 'מיטוטים', 'מילולים', 'מינונים', 'מירורים', 'מישושים', 'מכיריכם', 'מתסיסתם']
longest proper anadromes with 7 chars: ['הודיעוה', 'הועידוה', 'הידוקים', 'הילולים', 'היתוליו', 'היתולים', 'הרווחתה', 'הרווחתן', 'התחוורה', 'וילותיה', 'ויסותים', 'וירוסיי', 'ויתורכם', 'יינונים', 'ייסוריו', 'יישוביך', 'כיבושיי', 'מילוליה', 'מילותיה', 'מיליגרם', 'מינוניי', 'מיקודיה', 'מיתוסיו', 'מכליבות', 'מכרותיו', 'מרגילים', 'נתחוורה', 'תובילכם']
longest palidromic bigram with 17 chars: ['מיירטינו אוניטריים', 'מיירטינו מוניטריים']
palin=241 anad=11026 both=11267 bigrams=83807 took=1.1 min

cc100_intersect_with_fatverb_with_some_prefixes.csv 1130071
longest palindromes with 9 chars: ['ויתומותיו', 'מהילוליהם', 'מכיתותיכם']
longest proper anadromes with 9 chars: ['והודיעוהו', 'והועידוהו']
longest palidromic bigram with 18 chars: ['והודיעוהו והועידוהו', 'והועידוהו והודיעוהו', 'ויתומותיו ויתומותיו', 'מהילוליהם מהילוליהם', 'מכיתותיכם מכיתותיכם']
palin=561 anad=37097 both=37658 bigrams=324731 took=10.1 min

cc100_intersect_with_fatverb_with_all_prefixes.csv 1252514
longest palindromes with 9 chars: ['ויתומותיו', 'ולכשתשכלו', 'מהילוליהם', 'מכיתותיכם']
longest proper anadromes with 9 chars: ['והודיעוהו', 'והועידוהו']
longest palidromic bigram with 18 chars: ['והודיעוהו והועידוהו', 'והועידוהו והודיעוהו', 'ויתומותיו ויתומותיו', 'ולכשתשכלו ולכשתשכלו', 'מהילוליהם מהילוליהם', 'מכיתותיכם מכיתותיכם']
palin=591 anad=38624 both=39215 bigrams=344851 took=12.2 min

cc100_intersect_with_fatverb_with_all_prefixes_with_he_hasheela.csv 1303535
longest palindromes with 9 chars: ['ויתומותיו', 'ולכשתשכלו', 'מהילוליהם', 'מכיתותיכם']
longest proper anadromes with 9 chars: ['והודיעוהו', 'והועידוהו']
longest palidromic bigram with 18 chars: ['והודיעוהו והועידוהו', 'והועידוהו והודיעוהו', 'ויתומותיו ויתומותיו', 'ולכשתשכלו ולכשתשכלו', 'מהילוליהם מהילוליהם', 'מכיתותיכם מכיתותיכם']
palin=651 anad=45429 both=46080 bigrams=383994 took=13.8 min

cc100.csv 4554437
longest palindromes with 21 chars: ['אעאעאעאעאעאעאעאעאעאעא']
longest proper anadromes with 22 chars: ['אעאעאעאעאעאעאעאעאעאעאע', 'עאעאעאעאעאעאעאעאעאעאעא']
longest palidromic bigram with 55 chars: ['אעאעאעאעאעאעאעאעאעאעאעאעאעאעאעאעאע אעאעאעאעאעאעאעאעאעאעא']
palin=2801 anad=280838 both=283639 bigrams=2760981 took=178.3 min

all_with_fatverb.txt 469509
longest palindromes with 7 chars: ['הותרתוה', 'הידודיה', 'הילוליה', 'היסוסיה', 'התסיסתה', 'יינוניי', 'ינפנפני', 'כייסייך', 'כינוניך', 'כיפופיך', 'כיתותיך', 'מיטוטים', 'מילולים', 'מינונים', 'מירורים', 'מישושים', 'מיתגתים', 'מיתנתים', 'מכיליכם', 'מכיניכם', 'מכיריכם', 'מכישיכם', 'מכלולכם', 'מכלילכם', 'מכלכלכם', 'מכפיפכם', 'מעונועם', 'מתסיסתם', 'ניתבתין', 'ניתחתין', 'ניתצתין', 'נכלילכן', 'נכלכלכן', 'נכפיפכן']
longest proper anadromes with 8 chars: ['היתוליהם', 'היתוליכם', 'ויתוריהן', 'ויתוריכם', 'ייתוריהן', 'ייתוריכם', 'כיתוריהן', 'כיתוריכם', 'מהילותיה', 'מכילותיה', 'מכירותיו', 'מכירותיי', 'מכירותיך', 'נהירותיו', 'נהירותיי', 'נהירותיך']
longest palidromic bigram with 17 chars: ['היתולייך מכיילותיה', 'יירוטינו מוניטוריי', 'מהילותיהם היתוליהם', 'מהילותיהן היתוליהם', 'מיירטינו אוניטריים', 'מיירטינו מוניטריים', 'מיקרופונינו פורקים', 'מכילותיהם היתוליכם', 'מכילותיהן היתוליכם', 'מכירותייך ייתוריכם', 'מכירותיכם כיתוריכם', 'מכירותיכן כיתוריכם', 'מכירותינו ניתוריכם', 'נהירותייך ייתוריהן', 'נהירותיכם כיתוריהן', 'נהירותיכן כיתוריהן', 'נהירותינו ניתוריהן']
palin=323 anad=15218 both=15541 bigrams=126960 took=3.1 min

all_with_fatverb_with_some_prefixes.txt 5444490
longest palindromes with 9 chars: ['והותרתוהו', 'והתסיסתהו', 'ויתומותיו', 'וניפופינו', 'וניתבתינו', 'וניתחתינו', 'וניתצתינו', 'כיינונייך', 'כיתומותיך', 'מהידודיהם', 'מהילוליהם', 'מהיסוסיהם', 'מכינוניכם', 'מכיפופיכם', 'מכיתותיכם']
longest proper anadromes with 9 chars: ['והודיעוהו', 'והועידוהו', 'והוריתוהו', 'והותירוהו', 'ויתומותיך', 'ונוטרייתו', 'וניאוצייך', 'ונידוביכם', 'וניטורייך', 'וניסוחייך', 'וניפופיכם', 'וניצותינו', 'וניקודיהם', 'ונישואייך', 'וניתוצינו', 'וניתוריהן', 'וניתוריכם', 'ותותחניהם', 'ותיירטונו', 'כייאושינו', 'כייבושייך', 'כיידועייך', 'כייחוסיכם', 'כייחוסינו', 'כיינוניכם', 'כייסודיהם', 'כייעודייך', 'כייעודיים', 'כייצואינו', 'כיירוטינו', 'כיישובייך', 'כיישוביים', 'כיישוביכם', 'כייתוריהן', 'כייתוריכם', 'כיתומותיו', 'כתותחניהם', 'מהידוסייך', 'מהידוקינו', 'מהילותיהם', 'מהינחתותו', 'מהינחתותך', 'מהינחתותם', 'מהיתוליהם', 'מהיתוליכם', 'מייבושייך', 'מיידועייך', 'מכיבודינו', 'מכיבושייך', 'מכילותיהם', 'מכינונייך', 'מכיסוחייך', 'מכיפופינו', 'מכירותייך', 'מכירותיכם', 'מכירותינו', 'מכיתוריהן', 'מכיתוריכם', 'מתותחניהם', 'נהירותייך', 'נהירותיכם', 'נהירותינו']
longest palidromic bigram with 20 chars: ['וניתוחיך וממוכיחותינו', 'כיירוטינו ממוניטורייך', 'מהיתולייך ממכיילותיהם']
palin=853 anad=67700 both=68553 bigrams=672832 took=77.8 min

d:/data/text/heb/hspell/all_with_fatverb_with_all_prefixes.txt palindromes_anadromes 61890949
longest palindromes with 11 chars: ['ולכשמכמשכלו', 'ושמשמכמשמשו', 'מכיתומותיכם', 'שכשכמהמכשכש']
longest proper anadromes with 11 chars: ['ולכשמכמשמשו', 'ושמשמכמשכלו']
palin=1235 anad=92873 both=94108 bigrams=0 took=2.7 min

d:/data/text/heb/hspell/all_with_fatverb_with_all_prefixes_with_he_hasheela.txt 92375907
longest palindromes with 11 chars: ['הלכשמכמשכלה', 'ולכשמכמשכלו', 'ושמשמכמשמשו', 'מכיתומותיכם', 'שכשכמהמכשכש']
longest proper anadromes with 11 chars: ['הלכשמכמשכלו', 'הלכשמכמשמשו', 'ולכשמכמשכלה', 'ולכשמכמשמשו', 'ושמשמכמשכלה', 'ושמשמכמשכלו']
palin=1501 anad=137404 both=138905 bigrams=0 took=7.2 min
